<?xml version="1.0" encoding="UTF-8"?>
<!-- Generated by org.testng.reporters.JUnitReportReporter -->
<testsuite skipped="0" hostname="M5-L-1Y9W5M2" name="savioshaji.Selenium" tests="1" failures="0" timestamp="2020-06-23T20:59:26 IST" time="0.012" errors="0">
  <testcase name="seleniumTest" time="0.012" classname="savioshaji.Selenium"/>
  <system-out/>
</testsuite> <!-- savioshaji.Selenium -->
