<?xml version="1.0" encoding="UTF-8"?>
<!-- Generated by org.testng.reporters.JUnitReportReporter -->
<testsuite skipped="0" hostname="M5-L-1Y9W5M2" name="savioshaji.ApiTesting" tests="2" failures="0" timestamp="2020-06-23T21:12:26 IST" time="0.013" errors="0">
  <testcase name="jiraTest" time="0.011" classname="savioshaji.ApiTesting"/>
  <system-out/>
  <testcase name="restassured" time="0.002" classname="savioshaji.ApiTesting"/>
  <system-out/>
</testsuite> <!-- savioshaji.ApiTesting -->
