<?xml version="1.0" encoding="UTF-8"?>
<!-- Generated by org.testng.reporters.JUnitReportReporter -->
<testsuite skipped="0" hostname="M5-L-1Y9W5M2" name="savioshaji.ApiTest" tests="2" failures="0" timestamp="2020-06-23T22:24:47 IST" time="0.010" errors="0">
  <testcase name="jiraTest" time="0.009" classname="savioshaji.ApiTest"/>
  <system-out/>
  <testcase name="restassured" time="0.001" classname="savioshaji.ApiTest"/>
  <system-out/>
</testsuite> <!-- savioshaji.ApiTest -->
