<?xml version="1.0" encoding="UTF-8"?>
<!-- Generated by org.testng.reporters.JUnitReportReporter -->
<testsuite skipped="0" hostname="M5-L-1Y9W5M2" name="savioshaji.SeleniumTest" tests="2" failures="0" timestamp="2020-06-23T22:25:09 IST" time="0.002" errors="0">
  <testcase name="browserAuto" time="0.001" classname="savioshaji.SeleniumTest"/>
  <system-out/>
  <testcase name="seleniumTest" time="0.001" classname="savioshaji.SeleniumTest"/>
  <system-out/>
</testsuite> <!-- savioshaji.SeleniumTest -->
