<?xml version="1.0" encoding="UTF-8"?>
<!-- Generated by org.testng.reporters.JUnitReportReporter -->
<testsuite skipped="0" hostname="M5-L-1Y9W5M2" name="savioshaji.AppiumTest" tests="2" failures="0" timestamp="2020-06-23T22:25:09 IST" time="0.009" errors="0">
  <testcase name="mobileauto" time="0.009" classname="savioshaji.AppiumTest"/>
  <system-out/>
  <testcase name="nativeapps" time="0.000" classname="savioshaji.AppiumTest"/>
  <system-out/>
</testsuite> <!-- savioshaji.AppiumTest -->
